This is pdfTeX, Version 3.141592653-2.6-1.40.23 (TeX Live 2021/W32TeX) (preloaded format=pdflatex 2021.12.23)  30 DEC 2021 18:13
entering extended mode
 restricted \write18 enabled.
 %&-line parsing enabled.
**Main_manuscript.tex
(./Main_manuscript.tex
LaTeX2e <2021-11-15> patch level 1
L3 programming layer <2021-11-22>
(c:/Users/aimundo/AppData/Roaming/TinyTeX/texmf-dist/tex/latex/base/article.cls
Document Class: article 2021/10/04 v1.4n Standard LaTeX document class
(c:/Users/aimundo/AppData/Roaming/TinyTeX/texmf-dist/tex/latex/base/size10.clo
File: size10.clo 2021/10/04 v1.4n Standard LaTeX file (size option)
)
\c@part=\count183
\c@section=\count184
\c@subsection=\count185
\c@subsubsection=\count186
\c@paragraph=\count187
\c@subparagraph=\count188
\c@figure=\count189
\c@table=\count190
\abovecaptionskip=\skip47
\belowcaptionskip=\skip48
\bibindent=\dimen138
)
(c:/Users/aimundo/AppData/Roaming/TinyTeX/texmf-dist/tex/latex/amsmath/amsmath.
sty
Package: amsmath 2021/10/15 v2.17l AMS math features
\@mathmargin=\skip49
For additional information on amsmath, use the `?' option.

(c:/Users/aimundo/AppData/Roaming/TinyTeX/texmf-dist/tex/latex/amsmath/amstext.
sty
Package: amstext 2021/08/26 v2.01 AMS text

(c:/Users/aimundo/AppData/Roaming/TinyTeX/texmf-dist/tex/latex/amsmath/amsgen.s
ty
File: amsgen.sty 1999/11/30 v2.0 generic functions
\@emptytoks=\toks16
\ex@=\dimen139
))
(c:/Users/aimundo/AppData/Roaming/TinyTeX/texmf-dist/tex/latex/amsmath/amsbsy.s
ty
Package: amsbsy 1999/11/29 v1.2d Bold Symbols
\pmbraise@=\dimen140
)
(c:/Users/aimundo/AppData/Roaming/TinyTeX/texmf-dist/tex/latex/amsmath/amsopn.s
ty
Package: amsopn 2021/08/26 v2.02 operator names
)
\inf@bad=\count191
LaTeX Info: Redefining \frac on input line 234.
\uproot@=\count192
\leftroot@=\count193
LaTeX Info: Redefining \overline on input line 399.
\classnum@=\count194
\DOTSCASE@=\count195
LaTeX Info: Redefining \ldots on input line 496.
LaTeX Info: Redefining \dots on input line 499.
LaTeX Info: Redefining \cdots on input line 620.
\Mathstrutbox@=\box50
\strutbox@=\box51
\big@size=\dimen141
LaTeX Font Info:    Redeclaring font encoding OML on input line 743.
LaTeX Font Info:    Redeclaring font encoding OMS on input line 744.
\macc@depth=\count196
\c@MaxMatrixCols=\count197
\dotsspace@=\muskip16
\c@parentequation=\count198
\dspbrk@lvl=\count199
\tag@help=\toks17
\row@=\count266
\column@=\count267
\maxfields@=\count268
\andhelp@=\toks18
\eqnshift@=\dimen142
\alignsep@=\dimen143
\tagshift@=\dimen144
\tagwidth@=\dimen145
\totwidth@=\dimen146
\lineht@=\dimen147
\@envbody=\toks19
\multlinegap=\skip50
\multlinetaggap=\skip51
\mathdisplay@stack=\toks20
LaTeX Info: Redefining \[ on input line 2938.
LaTeX Info: Redefining \] on input line 2939.
)
(c:/Users/aimundo/AppData/Roaming/TinyTeX/texmf-dist/tex/latex/amsfonts/amssymb
.sty
Package: amssymb 2013/01/14 v3.01 AMS font symbols

(c:/Users/aimundo/AppData/Roaming/TinyTeX/texmf-dist/tex/latex/amsfonts/amsfont
s.sty
Package: amsfonts 2013/01/14 v3.01 Basic AMSFonts support
\symAMSa=\mathgroup4
\symAMSb=\mathgroup5
LaTeX Font Info:    Redeclaring math symbol \hbar on input line 98.
LaTeX Font Info:    Overwriting math alphabet `\mathfrak' in version `bold'
(Font)                  U/euf/m/n --> U/euf/b/n on input line 106.
)) (c:/Users/aimundo/AppData/Roaming/TinyTeX/texmf-dist/tex/latex/lm/lmodern.st
y
Package: lmodern 2015/05/01 v1.6.1 Latin Modern Fonts
LaTeX Font Info:    Overwriting symbol font `operators' in version `normal'
(Font)                  OT1/cmr/m/n --> OT1/lmr/m/n on input line 22.
LaTeX Font Info:    Overwriting symbol font `letters' in version `normal'
(Font)                  OML/cmm/m/it --> OML/lmm/m/it on input line 23.
LaTeX Font Info:    Overwriting symbol font `symbols' in version `normal'
(Font)                  OMS/cmsy/m/n --> OMS/lmsy/m/n on input line 24.
LaTeX Font Info:    Overwriting symbol font `largesymbols' in version `normal'
(Font)                  OMX/cmex/m/n --> OMX/lmex/m/n on input line 25.
LaTeX Font Info:    Overwriting symbol font `operators' in version `bold'
(Font)                  OT1/cmr/bx/n --> OT1/lmr/bx/n on input line 26.
LaTeX Font Info:    Overwriting symbol font `letters' in version `bold'
(Font)                  OML/cmm/b/it --> OML/lmm/b/it on input line 27.
LaTeX Font Info:    Overwriting symbol font `symbols' in version `bold'
(Font)                  OMS/cmsy/b/n --> OMS/lmsy/b/n on input line 28.
LaTeX Font Info:    Overwriting symbol font `largesymbols' in version `bold'
(Font)                  OMX/cmex/m/n --> OMX/lmex/m/n on input line 29.
LaTeX Font Info:    Overwriting math alphabet `\mathbf' in version `normal'
(Font)                  OT1/cmr/bx/n --> OT1/lmr/bx/n on input line 31.
LaTeX Font Info:    Overwriting math alphabet `\mathsf' in version `normal'
(Font)                  OT1/cmss/m/n --> OT1/lmss/m/n on input line 32.
LaTeX Font Info:    Overwriting math alphabet `\mathit' in version `normal'
(Font)                  OT1/cmr/m/it --> OT1/lmr/m/it on input line 33.
LaTeX Font Info:    Overwriting math alphabet `\mathtt' in version `normal'
(Font)                  OT1/cmtt/m/n --> OT1/lmtt/m/n on input line 34.
LaTeX Font Info:    Overwriting math alphabet `\mathbf' in version `bold'
(Font)                  OT1/cmr/bx/n --> OT1/lmr/bx/n on input line 35.
LaTeX Font Info:    Overwriting math alphabet `\mathsf' in version `bold'
(Font)                  OT1/cmss/bx/n --> OT1/lmss/bx/n on input line 36.
LaTeX Font Info:    Overwriting math alphabet `\mathit' in version `bold'
(Font)                  OT1/cmr/bx/it --> OT1/lmr/bx/it on input line 37.
LaTeX Font Info:    Overwriting math alphabet `\mathtt' in version `bold'
(Font)                  OT1/cmtt/m/n --> OT1/lmtt/m/n on input line 38.
)
(c:/Users/aimundo/AppData/Roaming/TinyTeX/texmf-dist/tex/generic/iftex/iftex.st
y
Package: iftex 2020/03/06 v1.0d TeX engine tests
)
(c:/Users/aimundo/AppData/Roaming/TinyTeX/texmf-dist/tex/latex/base/fontenc.sty
Package: fontenc 2021/04/29 v2.0v Standard LaTeX package
LaTeX Font Info:    Trying to load font information for T1+lmr on input line 11
2.
(c:/Users/aimundo/AppData/Roaming/TinyTeX/texmf-dist/tex/latex/lm/t1lmr.fd
File: t1lmr.fd 2015/05/01 v1.6.1 Font defs for Latin Modern
))
(c:/Users/aimundo/AppData/Roaming/TinyTeX/texmf-dist/tex/latex/base/inputenc.st
y
Package: inputenc 2021/02/14 v1.3d Input encoding file
\inpenc@prehook=\toks21
\inpenc@posthook=\toks22
)
(c:/Users/aimundo/AppData/Roaming/TinyTeX/texmf-dist/tex/latex/base/textcomp.st
y
Package: textcomp 2020/02/02 v2.0n Standard LaTeX package
)
(c:/Users/aimundo/AppData/Roaming/TinyTeX/texmf-dist/tex/latex/microtype/microt
ype.sty
Package: microtype 2021/12/10 v3.0b Micro-typographical refinements (RS)

(c:/Users/aimundo/AppData/Roaming/TinyTeX/texmf-dist/tex/latex/graphics/keyval.
sty
Package: keyval 2014/10/28 v1.15 key=value parser (DPC)
\KV@toks@=\toks23
)
(c:/Users/aimundo/AppData/Roaming/TinyTeX/texmf-dist/tex/latex/etoolbox/etoolbo
x.sty
Package: etoolbox 2020/10/05 v2.5k e-TeX tools for LaTeX (JAW)
\etb@tempcnta=\count269
)
\MT@toks=\toks24
\MT@count=\count270
\MT@tempbox=\box52
LaTeX Info: Redefining \leftprotrusion on input line 1010.
LaTeX Info: Redefining \rightprotrusion on input line 1018.
LaTeX Info: Redefining \textls on input line 1173.
\MT@outer@kern=\dimen148
LaTeX Info: Redefining \textmicrotypecontext on input line 1759.
\MT@listname@count=\count271

(c:/Users/aimundo/AppData/Roaming/TinyTeX/texmf-dist/tex/latex/microtype/microt
ype-pdftex.def
File: microtype-pdftex.def 2021/12/10 v3.0b Definitions specific to pdftex (RS)

LaTeX Info: Redefining \lsstyle on input line 897.
LaTeX Info: Redefining \lslig on input line 897.
\MT@outer@space=\skip52
)
Package microtype Info: Loading configuration file microtype.cfg.

(c:/Users/aimundo/AppData/Roaming/TinyTeX/texmf-dist/tex/latex/microtype/microt
ype.cfg
File: microtype.cfg 2021/12/10 v3.0b microtype main configuration file (RS)
))
(c:/Users/aimundo/AppData/Roaming/TinyTeX/texmf-dist/tex/latex/parskip/parskip.
sty
Package: parskip 2021-03-14 v2.0h non-zero parskip adjustments

(c:/Users/aimundo/AppData/Roaming/TinyTeX/texmf-dist/tex/latex/kvoptions/kvopti
ons.sty
Package: kvoptions 2020-10-07 v3.14 Key value format for package options (HO)

(c:/Users/aimundo/AppData/Roaming/TinyTeX/texmf-dist/tex/generic/ltxcmds/ltxcmd
s.sty
Package: ltxcmds 2020-05-10 v1.25 LaTeX kernel commands for general use (HO)
)
(c:/Users/aimundo/AppData/Roaming/TinyTeX/texmf-dist/tex/generic/kvsetkeys/kvse
tkeys.sty
Package: kvsetkeys 2019/12/15 v1.18 Key value parser (HO)
)))
(c:/Users/aimundo/AppData/Roaming/TinyTeX/texmf-dist/tex/latex/xcolor/xcolor.st
y
Package: xcolor 2021/10/31 v2.13 LaTeX color extensions (UK)

(c:/Users/aimundo/AppData/Roaming/TinyTeX/texmf-dist/tex/latex/graphics-cfg/col
or.cfg
File: color.cfg 2016/01/02 v1.6 sample color configuration
)
Package xcolor Info: Driver file: pdftex.def on input line 227.

(c:/Users/aimundo/AppData/Roaming/TinyTeX/texmf-dist/tex/latex/graphics-def/pdf
tex.def
File: pdftex.def 2020/10/05 v1.2a Graphics/color driver for pdftex
)
Package xcolor Info: Model `cmy' substituted by `cmy0' on input line 1352.
Package xcolor Info: Model `hsb' substituted by `rgb' on input line 1356.
Package xcolor Info: Model `RGB' extended on input line 1368.
Package xcolor Info: Model `HTML' substituted by `rgb' on input line 1370.
Package xcolor Info: Model `Hsb' substituted by `hsb' on input line 1371.
Package xcolor Info: Model `tHsb' substituted by `hsb' on input line 1372.
Package xcolor Info: Model `HSB' substituted by `hsb' on input line 1373.
Package xcolor Info: Model `Gray' substituted by `gray' on input line 1374.
Package xcolor Info: Model `wave' substituted by `hsb' on input line 1375.
)
(c:/Users/aimundo/AppData/Roaming/TinyTeX/texmf-dist/tex/latex/bookmark/bookmar
k.sty
Package: bookmark 2020-11-06 v1.29 PDF bookmarks (HO)

(c:/Users/aimundo/AppData/Roaming/TinyTeX/texmf-dist/tex/latex/hyperref/hyperre
f.sty
Package: hyperref 2021-06-07 v7.00m Hypertext links for LaTeX

(c:/Users/aimundo/AppData/Roaming/TinyTeX/texmf-dist/tex/generic/pdftexcmds/pdf
texcmds.sty
Package: pdftexcmds 2020-06-27 v0.33 Utility functions of pdfTeX for LuaTeX (HO
)

(c:/Users/aimundo/AppData/Roaming/TinyTeX/texmf-dist/tex/generic/infwarerr/infw
arerr.sty
Package: infwarerr 2019/12/03 v1.5 Providing info/warning/error messages (HO)
)
Package pdftexcmds Info: \pdf@primitive is available.
Package pdftexcmds Info: \pdf@ifprimitive is available.
Package pdftexcmds Info: \pdfdraftmode found.
)
(c:/Users/aimundo/AppData/Roaming/TinyTeX/texmf-dist/tex/generic/kvdefinekeys/k
vdefinekeys.sty
Package: kvdefinekeys 2019-12-19 v1.6 Define keys (HO)
)
(c:/Users/aimundo/AppData/Roaming/TinyTeX/texmf-dist/tex/generic/pdfescape/pdfe
scape.sty
Package: pdfescape 2019/12/09 v1.15 Implements pdfTeX's escape features (HO)
)
(c:/Users/aimundo/AppData/Roaming/TinyTeX/texmf-dist/tex/latex/hycolor/hycolor.
sty
Package: hycolor 2020-01-27 v1.10 Color options for hyperref/bookmark (HO)
)
(c:/Users/aimundo/AppData/Roaming/TinyTeX/texmf-dist/tex/latex/letltxmacro/letl
txmacro.sty
Package: letltxmacro 2019/12/03 v1.6 Let assignment for LaTeX macros (HO)
)
(c:/Users/aimundo/AppData/Roaming/TinyTeX/texmf-dist/tex/latex/auxhook/auxhook.
sty
Package: auxhook 2019-12-17 v1.6 Hooks for auxiliary files (HO)
)
\@linkdim=\dimen149
\Hy@linkcounter=\count272
\Hy@pagecounter=\count273

(c:/Users/aimundo/AppData/Roaming/TinyTeX/texmf-dist/tex/latex/hyperref/pd1enc.
def
File: pd1enc.def 2021-06-07 v7.00m Hyperref: PDFDocEncoding definition (HO)
Now handling font encoding PD1 ...
... no UTF-8 mapping file for font encoding PD1
)
(c:/Users/aimundo/AppData/Roaming/TinyTeX/texmf-dist/tex/latex/hyperref/hyperre
f-langpatches.def
File: hyperref-langpatches.def 2021-06-07 v7.00m Hyperref: patches for babel la
nguages
)
(c:/Users/aimundo/AppData/Roaming/TinyTeX/texmf-dist/tex/generic/intcalc/intcal
c.sty
Package: intcalc 2019/12/15 v1.3 Expandable calculations with integers (HO)
)
(c:/Users/aimundo/AppData/Roaming/TinyTeX/texmf-dist/tex/generic/etexcmds/etexc
mds.sty
Package: etexcmds 2019/12/15 v1.7 Avoid name clashes with e-TeX commands (HO)
)
\Hy@SavedSpaceFactor=\count274

(c:/Users/aimundo/AppData/Roaming/TinyTeX/texmf-dist/tex/latex/hyperref/puenc.d
ef
File: puenc.def 2021-06-07 v7.00m Hyperref: PDF Unicode definition (HO)
Now handling font encoding PU ...
... no UTF-8 mapping file for font encoding PU
)
Package hyperref Info: Option `unicode' set `true' on input line 4073.
Package hyperref Info: Hyper figures OFF on input line 4192.
Package hyperref Info: Link nesting OFF on input line 4197.
Package hyperref Info: Hyper index ON on input line 4200.
Package hyperref Info: Plain pages OFF on input line 4207.
Package hyperref Info: Backreferencing OFF on input line 4212.
Package hyperref Info: Implicit mode ON; LaTeX internals redefined.
Package hyperref Info: Bookmarks ON on input line 4445.
\c@Hy@tempcnt=\count275
(c:/Users/aimundo/AppData/Roaming/TinyTeX/texmf-dist/tex/latex/url/url.sty
\Urlmuskip=\muskip17
Package: url 2013/09/16  ver 3.4  Verb mode for urls, etc.
)
LaTeX Info: Redefining \url on input line 4804.
\XeTeXLinkMargin=\dimen150

(c:/Users/aimundo/AppData/Roaming/TinyTeX/texmf-dist/tex/generic/bitset/bitset.
sty
Package: bitset 2019/12/09 v1.3 Handle bit-vector datatype (HO)

(c:/Users/aimundo/AppData/Roaming/TinyTeX/texmf-dist/tex/generic/bigintcalc/big
intcalc.sty
Package: bigintcalc 2019/12/15 v1.5 Expandable calculations on big integers (HO
)
))
\Fld@menulength=\count276
\Field@Width=\dimen151
\Fld@charsize=\dimen152
Package hyperref Info: Hyper figures OFF on input line 6076.
Package hyperref Info: Link nesting OFF on input line 6081.
Package hyperref Info: Hyper index ON on input line 6084.
Package hyperref Info: backreferencing OFF on input line 6091.
Package hyperref Info: Link coloring OFF on input line 6096.
Package hyperref Info: Link coloring with OCG OFF on input line 6101.
Package hyperref Info: PDF/A mode OFF on input line 6106.
LaTeX Info: Redefining \ref on input line 6146.
LaTeX Info: Redefining \pageref on input line 6150.

(c:/Users/aimundo/AppData/Roaming/TinyTeX/texmf-dist/tex/latex/base/atbegshi-lt
x.sty
Package: atbegshi-ltx 2021/01/10 v1.0c Emulation of the original atbegshi
package with kernel methods
)
\Hy@abspage=\count277
\c@Item=\count278
\c@Hfootnote=\count279
)
Package hyperref Info: Driver (autodetected): hpdftex.

(c:/Users/aimundo/AppData/Roaming/TinyTeX/texmf-dist/tex/latex/hyperref/hpdftex
.def
File: hpdftex.def 2021-06-07 v7.00m Hyperref driver for pdfTeX

(c:/Users/aimundo/AppData/Roaming/TinyTeX/texmf-dist/tex/latex/base/atveryend-l
tx.sty
Package: atveryend-ltx 2020/08/19 v1.0a Emulation of the original atveryend pac
kage
with kernel methods
)
\Fld@listcount=\count280
\c@bookmark@seq@number=\count281

(c:/Users/aimundo/AppData/Roaming/TinyTeX/texmf-dist/tex/latex/rerunfilecheck/r
erunfilecheck.sty
Package: rerunfilecheck 2019/12/05 v1.9 Rerun checks for auxiliary files (HO)

(c:/Users/aimundo/AppData/Roaming/TinyTeX/texmf-dist/tex/generic/uniquecounter/
uniquecounter.sty
Package: uniquecounter 2019/12/15 v1.4 Provide unlimited unique counter (HO)
)
Package uniquecounter Info: New unique counter `rerunfilecheck' on input line 2
86.
)
\Hy@SectionHShift=\skip53
)
(c:/Users/aimundo/AppData/Roaming/TinyTeX/texmf-dist/tex/latex/bookmark/bkm-pdf
tex.def
File: bkm-pdftex.def 2020-11-06 v1.29 bookmark driver for pdfTeX (HO)
\BKM@id=\count282
))
(c:/Users/aimundo/AppData/Roaming/TinyTeX/texmf-dist/tex/latex/geometry/geometr
y.sty
Package: geometry 2020/01/02 v5.9 Page Geometry

(c:/Users/aimundo/AppData/Roaming/TinyTeX/texmf-dist/tex/generic/iftex/ifvtex.s
ty
Package: ifvtex 2019/10/25 v1.7 ifvtex legacy package. Use iftex instead.
)
\Gm@cnth=\count283
\Gm@cntv=\count284
\c@Gm@tempcnt=\count285
\Gm@bindingoffset=\dimen153
\Gm@wd@mp=\dimen154
\Gm@odd@mp=\dimen155
\Gm@even@mp=\dimen156
\Gm@layoutwidth=\dimen157
\Gm@layoutheight=\dimen158
\Gm@layouthoffset=\dimen159
\Gm@layoutvoffset=\dimen160
\Gm@dimlist=\toks25
)
(c:/Users/aimundo/AppData/Roaming/TinyTeX/texmf-dist/tex/latex/listings/listing
s.sty
\lst@mode=\count286
\lst@gtempboxa=\box53
\lst@token=\toks26
\lst@length=\count287
\lst@currlwidth=\dimen161
\lst@column=\count288
\lst@pos=\count289
\lst@lostspace=\dimen162
\lst@width=\dimen163
\lst@newlines=\count290
\lst@lineno=\count291
\lst@maxwidth=\dimen164

(c:/Users/aimundo/AppData/Roaming/TinyTeX/texmf-dist/tex/latex/listings/lstmisc
.sty
File: lstmisc.sty 2020/03/24 1.8d (Carsten Heinz)
\c@lstnumber=\count292
\lst@skipnumbers=\count293
\lst@framebox=\box54
)
(c:/Users/aimundo/AppData/Roaming/TinyTeX/texmf-dist/tex/latex/listings/listing
s.cfg
File: listings.cfg 2020/03/24 1.8d listings configuration
))
Package: listings 2020/03/24 1.8d (Carsten Heinz)

(c:/Users/aimundo/AppData/Roaming/TinyTeX/texmf-dist/tex/latex/tools/longtable.
sty
Package: longtable 2021-09-01 v4.17 Multi-page Table package (DPC)
\LTleft=\skip54
\LTright=\skip55
\LTpre=\skip56
\LTpost=\skip57
\LTchunksize=\count294
\LTcapwidth=\dimen165
\LT@head=\box55
\LT@firsthead=\box56
\LT@foot=\box57
\LT@lastfoot=\box58
\LT@gbox=\box59
\LT@cols=\count295
\LT@rows=\count296
\c@LT@tables=\count297
\c@LT@chunks=\count298
\LT@p@ftn=\toks27
)
(c:/Users/aimundo/AppData/Roaming/TinyTeX/texmf-dist/tex/latex/booktabs/booktab
s.sty
Package: booktabs 2020/01/12 v1.61803398 Publication quality tables
\heavyrulewidth=\dimen166
\lightrulewidth=\dimen167
\cmidrulewidth=\dimen168
\belowrulesep=\dimen169
\belowbottomsep=\dimen170
\aboverulesep=\dimen171
\abovetopsep=\dimen172
\cmidrulesep=\dimen173
\cmidrulekern=\dimen174
\defaultaddspace=\dimen175
\@cmidla=\count299
\@cmidlb=\count300
\@aboverulesep=\dimen176
\@belowrulesep=\dimen177
\@thisruleclass=\count301
\@lastruleclass=\count302
\@thisrulewidth=\dimen178
) (c:/Users/aimundo/AppData/Roaming/TinyTeX/texmf-dist/tex/latex/tools/array.st
y
Package: array 2021/10/04 v2.5f Tabular extension package (FMi)
\col@sep=\dimen179
\ar@mcellbox=\box60
\extrarowheight=\dimen180
\NC@list=\toks28
\extratabsurround=\skip58
\backup@length=\skip59
\ar@cellbox=\box61
) (c:/Users/aimundo/AppData/Roaming/TinyTeX/texmf-dist/tex/latex/tools/calc.sty
Package: calc 2017/05/25 v4.3 Infix arithmetic (KKT,FJ)
\calc@Acount=\count303
\calc@Bcount=\count304
\calc@Adimen=\dimen181
\calc@Bdimen=\dimen182
\calc@Askip=\skip60
\calc@Bskip=\skip61
LaTeX Info: Redefining \setlength on input line 80.
LaTeX Info: Redefining \addtolength on input line 81.
\calc@Ccount=\count305
\calc@Cskip=\skip62
)
(c:/Users/aimundo/AppData/Roaming/TinyTeX/texmf-dist/tex/latex/mdwtools/footnot
e.sty
Package: footnote 1997/01/28 1.13 Save footnotes around boxes
\fn@notes=\box62
\fn@width=\dimen183
)
(c:/Users/aimundo/AppData/Roaming/TinyTeX/texmf-dist/tex/latex/graphics/graphic
x.sty
Package: graphicx 2021/09/16 v1.2d Enhanced LaTeX Graphics (DPC,SPQR)

(c:/Users/aimundo/AppData/Roaming/TinyTeX/texmf-dist/tex/latex/graphics/graphic
s.sty
Package: graphics 2021/03/04 v1.4d Standard LaTeX Graphics (DPC,SPQR)

(c:/Users/aimundo/AppData/Roaming/TinyTeX/texmf-dist/tex/latex/graphics/trig.st
y
Package: trig 2021/08/11 v1.11 sin cos tan (DPC)
)
(c:/Users/aimundo/AppData/Roaming/TinyTeX/texmf-dist/tex/latex/graphics-cfg/gra
phics.cfg
File: graphics.cfg 2016/06/04 v1.11 sample graphics configuration
)
Package graphics Info: Driver file: pdftex.def on input line 107.
)
\Gin@req@height=\dimen184
\Gin@req@width=\dimen185
)
\cslhangindent=\skip63
\csllabelwidth=\skip64
\cslentryspacingunit=\skip65

(c:/Users/aimundo/AppData/Roaming/TinyTeX/texmf-dist/tex/latex/psnfss/mathptmx.
sty
Package: mathptmx 2020/03/25 PSNFSS-v9.3 Times w/ Math, improved (SPQR, WaS) 
LaTeX Font Info:    Redeclaring symbol font `operators' on input line 28.
LaTeX Font Info:    Overwriting symbol font `operators' in version `normal'
(Font)                  OT1/lmr/m/n --> OT1/ztmcm/m/n on input line 28.
LaTeX Font Info:    Overwriting symbol font `operators' in version `bold'
(Font)                  OT1/lmr/bx/n --> OT1/ztmcm/m/n on input line 28.
LaTeX Font Info:    Redeclaring symbol font `letters' on input line 29.
LaTeX Font Info:    Overwriting symbol font `letters' in version `normal'
(Font)                  OML/lmm/m/it --> OML/ztmcm/m/it on input line 29.
LaTeX Font Info:    Overwriting symbol font `letters' in version `bold'
(Font)                  OML/lmm/b/it --> OML/ztmcm/m/it on input line 29.
LaTeX Font Info:    Redeclaring symbol font `symbols' on input line 30.
LaTeX Font Info:    Overwriting symbol font `symbols' in version `normal'
(Font)                  OMS/lmsy/m/n --> OMS/ztmcm/m/n on input line 30.
LaTeX Font Info:    Overwriting symbol font `symbols' in version `bold'
(Font)                  OMS/lmsy/b/n --> OMS/ztmcm/m/n on input line 30.
LaTeX Font Info:    Redeclaring symbol font `largesymbols' on input line 31.
LaTeX Font Info:    Overwriting symbol font `largesymbols' in version `normal'
(Font)                  OMX/lmex/m/n --> OMX/ztmcm/m/n on input line 31.
LaTeX Font Info:    Overwriting symbol font `largesymbols' in version `bold'
(Font)                  OMX/lmex/m/n --> OMX/ztmcm/m/n on input line 31.
\symbold=\mathgroup6
\symitalic=\mathgroup7
LaTeX Font Info:    Redeclaring math alphabet \mathbf on input line 34.
LaTeX Font Info:    Overwriting math alphabet `\mathbf' in version `normal'
(Font)                  OT1/lmr/bx/n --> OT1/ptm/bx/n on input line 34.
LaTeX Font Info:    Overwriting math alphabet `\mathbf' in version `bold'
(Font)                  OT1/lmr/bx/n --> OT1/ptm/bx/n on input line 34.
LaTeX Font Info:    Redeclaring math alphabet \mathit on input line 35.
LaTeX Font Info:    Overwriting math alphabet `\mathit' in version `normal'
(Font)                  OT1/lmr/m/it --> OT1/ptm/m/it on input line 35.
LaTeX Font Info:    Overwriting math alphabet `\mathit' in version `bold'
(Font)                  OT1/lmr/bx/it --> OT1/ptm/m/it on input line 35.
LaTeX Info: Redefining \hbar on input line 50.
)
(c:/Users/aimundo/AppData/Roaming/TinyTeX/texmf-dist/tex/latex/lineno/lineno.st
y
Package: lineno 2005/11/02 line numbers on paragraphs v4.41
\linenopenalty=\count306
\output=\toks29
\linenoprevgraf=\count307
\linenumbersep=\dimen186
\linenumberwidth=\dimen187
\c@linenumber=\count308
\c@pagewiselinenumber=\count309
\c@LN@truepage=\count310
\c@internallinenumber=\count311
\c@internallinenumbers=\count312
\quotelinenumbersep=\dimen188
\bframerule=\dimen189
\bframesep=\dimen190
\bframebox=\box63
LaTeX Info: Redefining \\ on input line 3056.
)
(c:/Users/aimundo/AppData/Roaming/TinyTeX/texmf-dist/tex/latex/preprint/authblk
.sty
Package: authblk 2001/02/27 1.3 (PWD)
\affilsep=\skip66
\@affilsep=\skip67
\c@Maxaffil=\count313
\c@authors=\count314
\c@affil=\count315
)
(c:/Users/aimundo/AppData/Roaming/TinyTeX/texmf-dist/tex/latex/setspace/setspac
e.sty
Package: setspace 2011/12/19 v6.7a set line spacing
)
\myorcidaffilbox=\box64
<latex_docs/orcid.png, id=1, 64.24pt x 64.24pt>
File: latex_docs/orcid.png Graphic file (type png)
<use latex_docs/orcid.png>
Package pdftex.def Info: latex_docs/orcid.png  used on input line 107.
(pdftex.def)             Requested size: 8.78278pt x 8.78278pt.

(c:/Users/aimundo/AppData/Roaming/TinyTeX/texmf-dist/tex/latex/placeins/placein
s.sty
Package: placeins 2005/04/18  v 2.2
)
(c:/Users/aimundo/AppData/Roaming/TinyTeX/texmf-dist/tex/latex/subfig/subfig.st
y
Package: subfig 2005/06/28 ver: 1.3 subfig package

(c:/Users/aimundo/AppData/Roaming/TinyTeX/texmf-dist/tex/latex/caption/caption.
sty
Package: caption 2020/10/26 v3.5g Customizing captions (AR)

(c:/Users/aimundo/AppData/Roaming/TinyTeX/texmf-dist/tex/latex/caption/caption3
.sty
Package: caption3 2020/10/21 v2.2e caption3 kernel (AR)
\captionmargin=\dimen191
\captionmargin@=\dimen192
\captionwidth=\dimen193
\caption@tempdima=\dimen194
\caption@indent=\dimen195
\caption@parindent=\dimen196
\caption@hangindent=\dimen197
Package caption Info: Standard document class detected.
)
\c@caption@flags=\count316
\c@continuedfloat=\count317
Package caption Info: hyperref package is loaded.
Package caption Info: listings package is loaded.
Package caption Info: longtable package is loaded.

(c:/Users/aimundo/AppData/Roaming/TinyTeX/texmf-dist/tex/latex/caption/ltcaptio
n.sty
Package: ltcaption 2020/05/30 v1.4b longtable captions (AR)
))
\c@KVtest=\count318
\sf@farskip=\skip68
\sf@captopadj=\dimen198
\sf@capskip=\skip69
\sf@nearskip=\skip70
\c@subfigure=\count319
\c@subfigure@save=\count320
\c@lofdepth=\count321
\c@subtable=\count322
\c@subtable@save=\count323
\c@lotdepth=\count324
\sf@top=\skip71
\sf@bottom=\skip72
) (c:/Users/aimundo/AppData/Roaming/TinyTeX/texmf-dist/tex/latex/breqn/breqn.st
y
(c:/Users/aimundo/AppData/Roaming/TinyTeX/texmf-dist/tex/latex/l3kernel/expl3.s
ty
Package: expl3 2021-11-22 L3 programming layer (loader) 

(c:/Users/aimundo/AppData/Roaming/TinyTeX/texmf-dist/tex/latex/l3backend/l3back
end-pdftex.def
File: l3backend-pdftex.def 2021-12-14 L3 backend support: PDF output (pdfTeX)
\l__color_backend_stack_int=\count325
\l__pdf_internal_box=\box65
))
Package: breqn 2021/10/28 v0.98l Breaking equations

(c:/Users/aimundo/AppData/Roaming/TinyTeX/texmf-dist/tex/latex/breqn/flexisym.s
ty
Package: flexisym 2021/10/28 v0.98l Make math characters macros
LaTeX Info: Redefining \textprime on input line 299.
LaTeX Info: Redefining \not on input line 357.

(c:/Users/aimundo/AppData/Roaming/TinyTeX/texmf-dist/tex/latex/breqn/cmbase.sym
File: cmbase.sym 2007/12/19 v0.92
LaTeX Info: Redefining \hbar on input line 324.
LaTeX Info: Redefining \surd on input line 326.
LaTeX Info: Redefining \angle on input line 334.
LaTeX Info: Redefining \neq on input line 335.
LaTeX Info: Redefining \mapsto on input line 336.
LaTeX Info: Redefining \cong on input line 337.
LaTeX Info: Redefining \notin on input line 340.
LaTeX Info: Redefining \rightleftharpoons on input line 341.
LaTeX Info: Redefining \doteq on input line 342.
LaTeX Info: Redefining \hookrightarrow on input line 343.
LaTeX Info: Redefining \hookleftarrow on input line 344.
LaTeX Info: Redefining \bowtie on input line 345.
LaTeX Info: Redefining \models on input line 346.
LaTeX Info: Redefining \Longrightarrow on input line 347.
LaTeX Info: Redefining \longrightarrow on input line 348.
LaTeX Info: Redefining \Longleftarrow on input line 349.
LaTeX Info: Redefining \longleftarrow on input line 350.
LaTeX Info: Redefining \longmapsto on input line 351.
LaTeX Info: Redefining \longleftrightarrow on input line 352.
LaTeX Info: Redefining \Longleftrightarrow on input line 353.
LaTeX Info: Redefining \cdots on input line 357.
LaTeX Info: Redefining \vdots on input line 360.
LaTeX Info: Redefining \ddots on input line 365.
)
(c:/Users/aimundo/AppData/Roaming/TinyTeX/texmf-dist/tex/latex/breqn/mathstyle.
sty
Package: mathstyle 2021/10/28 v0.98l Tracking mathstyle implicitly
LaTeX Info: Redefining \displaystyle on input line 95.
LaTeX Info: Redefining \textstyle on input line 97.
LaTeX Info: Redefining \scriptstyle on input line 99.
LaTeX Info: Redefining \scriptscriptstyle on input line 101.
LaTeX Info: Redefining \genfrac on input line 149.
))
\inf@bad=\count326
\maxint=\count327
\listwidth=\dimen199
\eqnumsep=\dimen256
\eqmargin=\dimen257
\eqlinespacing=\skip73
\eqlineskip=\skip74
\eqlineskiplimit=\dimen258
\eqbinoffset=\muskip18
\eqdelimoffset=\muskip19
\eqindentstep=\dimen259
\eqstyle=\toks30
\eqbreakdepth=\count328
\eqinterlinepenalty=\count329
\intereqpenalty=\count330
\intereqskip=\skip75
\prerelpenalty=\count331
\prebinoppenalty=\count332
\Dmedmuskip=\muskip20
\Dthickmuskip=\muskip21
\eqleftskip=\skip76
\eqrightskip=\skip77
\eq@vspan=\skip78
\eq@binoffset=\muskip22
\EQ@box=\box66
\EQ@copy=\box67
\EQ@numbox=\box68
\eq@wdNum=\dimen260
\GRP@numbox=\box69
\grp@wdNum=\dimen261
\eq@lines=\count333
\eq@curline=\count334
\eq@badness=\count335
\EQ@vims=\count336
\eq@dp=\dimen262
\eq@wdL=\dimen263
\eq@wdT=\dimen264
\eq@wdMin=\dimen265
\grp@wdL=\dimen266
\grp@wdR=\dimen267
\grp@wdT=\dimen268
\eq@wdRmax=\dimen269
\eq@firstht=\dimen270
\eq@wdCond=\dimen271
\eq@indentstep=\dimen272
\eq@linewidth=\dimen273
\grp@linewidth=\dimen274
\eq@hshift=\dimen275
\eq@given@sidespace=\dimen276
\mathindent=\dimen277
\eq@final@linecount=\count337
\eq@wdR=\dimen278
\EQ@continue=\toks31
\lr@level=\count338
\GRP@queue=\toks32
\GRP@box=\box70
\GRP@wholebox=\box71
\darraycolsep=\skip79
\cur@row=\count339
\cur@col=\count340
\conditionsep=\skip80
)
LaTeX Font Info:    Trying to load font information for T1+ptm on input line 20
1.
(c:/Users/aimundo/AppData/Roaming/TinyTeX/texmf-dist/tex/latex/psnfss/t1ptm.fd
File: t1ptm.fd 2001/06/04 font definitions for T1/ptm.
) (./Main_manuscript.aux)
\openout1 = `Main_manuscript.aux'.

LaTeX Font Info:    Checking defaults for OML/cmm/m/it on input line 201.
LaTeX Font Info:    ... okay on input line 201.
LaTeX Font Info:    Checking defaults for OMS/cmsy/m/n on input line 201.
LaTeX Font Info:    ... okay on input line 201.
LaTeX Font Info:    Checking defaults for OT1/cmr/m/n on input line 201.
LaTeX Font Info:    ... okay on input line 201.
LaTeX Font Info:    Checking defaults for T1/cmr/m/n on input line 201.
LaTeX Font Info:    ... okay on input line 201.
LaTeX Font Info:    Checking defaults for TS1/cmr/m/n on input line 201.
LaTeX Font Info:    ... okay on input line 201.
LaTeX Font Info:    Checking defaults for OMX/cmex/m/n on input line 201.
LaTeX Font Info:    ... okay on input line 201.
LaTeX Font Info:    Checking defaults for U/cmr/m/n on input line 201.
LaTeX Font Info:    ... okay on input line 201.
LaTeX Font Info:    Checking defaults for PD1/pdf/m/n on input line 201.
LaTeX Font Info:    ... okay on input line 201.
LaTeX Font Info:    Checking defaults for PU/pdf/m/n on input line 201.
LaTeX Font Info:    ... okay on input line 201.
LaTeX Info: Redefining \microtypecontext on input line 201.
Package microtype Info: Applying patch `item' on input line 201.
Package microtype Info: Applying patch `toc' on input line 201.
Package microtype Info: Applying patch `eqnum' on input line 201.

Package microtype Warning: Unable to apply patch `footnote' on input line 201.

Package microtype Info: Generating PDF output.
Package microtype Info: Character protrusion enabled (level 2).
Package microtype Info: Using protrusion set `basicmath'.
Package microtype Info: Automatic font expansion enabled (level 2),
(microtype)             stretch: 20, shrink: 20, step: 1, non-selected.
Package microtype Info: Using default expansion set `alltext-nott'.
LaTeX Info: Redefining \showhyphens on input line 201.
Package microtype Info: No adjustment of tracking.
Package microtype Info: No adjustment of interword spacing.
Package microtype Info: No adjustment of character kerning.

(c:/Users/aimundo/AppData/Roaming/TinyTeX/texmf-dist/tex/latex/microtype/mt-ptm
.cfg
File: mt-ptm.cfg 2006/04/20 v1.7 microtype config. file: Times (RS)
)
(c:/Users/aimundo/AppData/Roaming/TinyTeX/texmf-dist/tex/latex/epstopdf-pkg/eps
topdf-base.sty
Package: epstopdf-base 2020-01-24 v2.11 Base part for package epstopdf
Package epstopdf-base Info: Redefining graphics rule for `.eps' on input line 4
85.

(c:/Users/aimundo/AppData/Roaming/TinyTeX/texmf-dist/tex/latex/latexconfig/epst
opdf-sys.cfg
File: epstopdf-sys.cfg 2010/07/13 v1.3 Configuration of (r)epstopdf for TeX Liv
e
))
Package hyperref Info: Link coloring OFF on input line 201.

(c:/Users/aimundo/AppData/Roaming/TinyTeX/texmf-dist/tex/latex/hyperref/nameref
.sty
Package: nameref 2021-04-02 v2.47 Cross-referencing by name of section

(c:/Users/aimundo/AppData/Roaming/TinyTeX/texmf-dist/tex/latex/refcount/refcoun
t.sty
Package: refcount 2019/12/15 v3.6 Data extraction from label references (HO)
)
(c:/Users/aimundo/AppData/Roaming/TinyTeX/texmf-dist/tex/generic/gettitlestring
/gettitlestring.sty
Package: gettitlestring 2019/12/15 v1.6 Cleanup title references (HO)
)
\c@section@level=\count341
)
LaTeX Info: Redefining \ref on input line 201.
LaTeX Info: Redefining \pageref on input line 201.
LaTeX Info: Redefining \nameref on input line 201.
*geometry* driver: auto-detecting
*geometry* detected driver: pdftex
*geometry* verbose mode - [ preamble ] result:
* driver: pdftex
* paper: <default>
* layout: <same size as paper>
* layoutoffset:(h,v)=(0.0pt,0.0pt)
* modes: 
* h-part:(L,W,R)=(72.26999pt, 469.75502pt, 72.26999pt)
* v-part:(T,H,B)=(72.26999pt, 650.43001pt, 72.26999pt)
* \paperwidth=614.295pt
* \paperheight=794.96999pt
* \textwidth=469.75502pt
* \textheight=650.43001pt
* \oddsidemargin=0.0pt
* \evensidemargin=0.0pt
* \topmargin=-37.0pt
* \headheight=12.0pt
* \headsep=25.0pt
* \topskip=10.0pt
* \footskip=30.0pt
* \marginparwidth=65.0pt
* \marginparsep=11.0pt
* \columnsep=10.0pt
* \skip\footins=9.0pt plus 4.0pt minus 2.0pt
* \hoffset=0.0pt
* \voffset=0.0pt
* \mag=1000
* \@twocolumnfalse
* \@twosidefalse
* \@mparswitchfalse
* \@reversemarginfalse
* (1in=72.27pt=25.4mm, 1cm=28.453pt)

\c@lstlisting=\count342
Package caption Info: Begin \AtBeginDocument code.
Package caption Info: subfig package v1.3 is loaded.
Package caption Info: End \AtBeginDocument code.
LaTeX Font Info:    Trying to load font information for T1+lmss on input line 2
02.
(c:/Users/aimundo/AppData/Roaming/TinyTeX/texmf-dist/tex/latex/lm/t1lmss.fd
File: t1lmss.fd 2015/05/01 v1.6.1 Font defs for Latin Modern
)
LaTeX Font Info:    Trying to load font information for OT1+ztmcm on input line
 209.

(c:/Users/aimundo/AppData/Roaming/TinyTeX/texmf-dist/tex/latex/psnfss/ot1ztmcm.
fd
File: ot1ztmcm.fd 2000/01/03 Fontinst v1.801 font definitions for OT1/ztmcm.
)
LaTeX Font Info:    Trying to load font information for OML+ztmcm on input line
 209.

(c:/Users/aimundo/AppData/Roaming/TinyTeX/texmf-dist/tex/latex/psnfss/omlztmcm.
fd
File: omlztmcm.fd 2000/01/03 Fontinst v1.801 font definitions for OML/ztmcm.
)
LaTeX Font Info:    Trying to load font information for OMS+ztmcm on input line
 209.

(c:/Users/aimundo/AppData/Roaming/TinyTeX/texmf-dist/tex/latex/psnfss/omsztmcm.
fd
File: omsztmcm.fd 2000/01/03 Fontinst v1.801 font definitions for OMS/ztmcm.
)
LaTeX Font Info:    Trying to load font information for OMX+ztmcm on input line
 209.

(c:/Users/aimundo/AppData/Roaming/TinyTeX/texmf-dist/tex/latex/psnfss/omxztmcm.
fd
File: omxztmcm.fd 2000/01/03 Fontinst v1.801 font definitions for OMX/ztmcm.
)
(c:/Users/aimundo/AppData/Roaming/TinyTeX/texmf-dist/tex/latex/microtype/mt-msa
.cfg
File: mt-msa.cfg 2006/02/04 v1.1 microtype config. file: AMS symbols (a) (RS)
)
(c:/Users/aimundo/AppData/Roaming/TinyTeX/texmf-dist/tex/latex/microtype/mt-msb
.cfg
File: mt-msb.cfg 2005/06/01 v1.0 microtype config. file: AMS symbols (b) (RS)
)
LaTeX Font Info:    Trying to load font information for OT1+ptm on input line 2
09.

(c:/Users/aimundo/AppData/Roaming/TinyTeX/texmf-dist/tex/latex/psnfss/ot1ptm.fd
File: ot1ptm.fd 2001/06/04 font definitions for OT1/ptm.
)
LaTeX Font Info:    Font shape `OT1/ptm/bx/n' in size <10> not available
(Font)              Font shape `OT1/ptm/b/n' tried instead on input line 209.
LaTeX Font Info:    Font shape `OT1/ptm/bx/n' in size <7.4> not available
(Font)              Font shape `OT1/ptm/b/n' tried instead on input line 209.
LaTeX Font Info:    Font shape `OT1/ptm/bx/n' in size <6> not available
(Font)              Font shape `OT1/ptm/b/n' tried instead on input line 209.
[1

{c:/Users/aimundo/AppData/Roaming/TinyTeX/texmf-var/fonts/map/pdftex/updmap/pdf
tex.map} <./latex_docs/orcid.png>] [2] [3] [4] [5] [6] [7] [8] [9]
<Main_manuscript_files/figure-latex/l-q-response-1.pdf, id=228, 867.24pt x 505.
89pt>
File: Main_manuscript_files/figure-latex/l-q-response-1.pdf Graphic file (type 
pdf)
<use Main_manuscript_files/figure-latex/l-q-response-1.pdf>
Package pdftex.def Info: Main_manuscript_files/figure-latex/l-q-response-1.pdf 
 used on input line 342.
(pdftex.def)             Requested size: 469.75827pt x 274.02563pt.
[10 <./Main_manuscript_files/figure-latex/l-q-response-1.pdf>] [11] [12]
LaTeX Font Info:    Font shape `OT1/ptm/bx/n' in size <8> not available
(Font)              Font shape `OT1/ptm/b/n' tried instead on input line 421.
LaTeX Font Info:    Font shape `OT1/ptm/bx/n' in size <5> not available
(Font)              Font shape `OT1/ptm/b/n' tried instead on input line 421.
[13] [14]
<Main_manuscript_files/figure-latex/basis-plot-1.pdf, id=345, 722.7pt x 722.7pt
>
File: Main_manuscript_files/figure-latex/basis-plot-1.pdf Graphic file (type pd
f)
<use Main_manuscript_files/figure-latex/basis-plot-1.pdf>
Package pdftex.def Info: Main_manuscript_files/figure-latex/basis-plot-1.pdf  u
sed on input line 450.
(pdftex.def)             Requested size: 352.31758pt x 352.31758pt.
[15] [16 <./Main_manuscript_files/figure-latex/basis-plot-1.pdf>]
LaTeX Font Info:    Trying to load font information for T1+lmtt on input line 4
73.
(c:/Users/aimundo/AppData/Roaming/TinyTeX/texmf-dist/tex/latex/lm/t1lmtt.fd
File: t1lmtt.fd 2015/05/01 v1.6.1 Font defs for Latin Modern
) [17]
(c:/Users/aimundo/AppData/Roaming/TinyTeX/texmf-dist/tex/latex/listings/lstlang
1.sty
File: lstlang1.sty 2020/03/24 1.8d listings language file
)
(c:/Users/aimundo/AppData/Roaming/TinyTeX/texmf-dist/tex/latex/listings/lstlang
2.sty
File: lstlang2.sty 2020/03/24 1.8d listings language file
)
(c:/Users/aimundo/AppData/Roaming/TinyTeX/texmf-dist/tex/latex/listings/lstlang
3.sty
File: lstlang3.sty 2020/03/24 1.8d listings language file
) [18]
<Main_manuscript_files/figure-latex/sim-smooth-plot-1.pdf, id=408, 867.24pt x 5
05.89pt>
File: Main_manuscript_files/figure-latex/sim-smooth-plot-1.pdf Graphic file (ty
pe pdf)
<use Main_manuscript_files/figure-latex/sim-smooth-plot-1.pdf>
Package pdftex.def Info: Main_manuscript_files/figure-latex/sim-smooth-plot-1.p
df  used on input line 500.
(pdftex.def)             Requested size: 469.75827pt x 274.02563pt.
[19 <./Main_manuscript_files/figure-latex/sim-smooth-plot-1.pdf>]
<Main_manuscript_files/figure-latex/plot-pairwise-comp-1.pdf, id=444, 867.24pt 
x 505.89pt>
File: Main_manuscript_files/figure-latex/plot-pairwise-comp-1.pdf Graphic file 
(type pdf)
<use Main_manuscript_files/figure-latex/plot-pairwise-comp-1.pdf>
Package pdftex.def Info: Main_manuscript_files/figure-latex/plot-pairwise-comp-
1.pdf  used on input line 524.
(pdftex.def)             Requested size: 469.75827pt x 274.02563pt.
[20] [21 <./Main_manuscript_files/figure-latex/plot-pairwise-comp-1.pdf>] [22] 
[23] [24]
Overfull \hbox (1.90002pt too wide) in paragraph at lines 589--592
[] []
 []


Underfull \hbox (badness 10000) in paragraph at lines 589--592

 []


Overfull \hbox (1.90002pt too wide) in paragraph at lines 593--596
[][] []
 []


Underfull \hbox (badness 10000) in paragraph at lines 593--596

 []


Overfull \hbox (1.90002pt too wide) in paragraph at lines 597--600
[][] []
 []


Underfull \hbox (badness 10000) in paragraph at lines 597--600

 []


Overfull \hbox (1.90002pt too wide) in paragraph at lines 601--604
[][] []
 []


Underfull \hbox (badness 10000) in paragraph at lines 601--604

 []


Overfull \hbox (1.90002pt too wide) in paragraph at lines 605--608
[][] []
 []


Underfull \hbox (badness 10000) in paragraph at lines 605--608

 []


Overfull \hbox (1.90002pt too wide) in paragraph at lines 609--612
[][] []
 []


Underfull \hbox (badness 10000) in paragraph at lines 609--612

 []


Overfull \hbox (1.90002pt too wide) in paragraph at lines 613--616
[][] []
 []


Underfull \hbox (badness 10000) in paragraph at lines 613--616

 []


Overfull \hbox (1.90002pt too wide) in paragraph at lines 617--620
[][] []
 []


Underfull \hbox (badness 10000) in paragraph at lines 617--620

 []


Overfull \hbox (1.90002pt too wide) in paragraph at lines 621--624
[][] []
 []


Underfull \hbox (badness 10000) in paragraph at lines 621--624

 []


Overfull \hbox (1.90002pt too wide) in paragraph at lines 625--628
[][] []
 []


Underfull \hbox (badness 10000) in paragraph at lines 625--628

 []

[25]
Overfull \hbox (1.90002pt too wide) in paragraph at lines 629--632
[][] []
 []


Underfull \hbox (badness 10000) in paragraph at lines 629--632

 []


Overfull \hbox (1.90002pt too wide) in paragraph at lines 633--636
[][] []
 []


Underfull \hbox (badness 10000) in paragraph at lines 633--636

 []


Overfull \hbox (1.90002pt too wide) in paragraph at lines 637--640
[][] []
 []


Underfull \hbox (badness 10000) in paragraph at lines 637--640

 []


Overfull \hbox (1.90002pt too wide) in paragraph at lines 641--644
[][] []
 []


Underfull \hbox (badness 10000) in paragraph at lines 641--644

 []


Overfull \hbox (1.90002pt too wide) in paragraph at lines 645--648
[][] []
 []


Underfull \hbox (badness 10000) in paragraph at lines 645--648

 []


Overfull \hbox (1.90002pt too wide) in paragraph at lines 649--652
[][] []
 []


Underfull \hbox (badness 10000) in paragraph at lines 649--652

 []


Overfull \hbox (1.90002pt too wide) in paragraph at lines 653--656
[][] []
 []


Underfull \hbox (badness 10000) in paragraph at lines 653--656

 []


Overfull \hbox (1.90002pt too wide) in paragraph at lines 657--660
[][] []
 []


Underfull \hbox (badness 10000) in paragraph at lines 657--660

 []


Overfull \hbox (1.90002pt too wide) in paragraph at lines 661--664
[][] []
 []


Underfull \hbox (badness 10000) in paragraph at lines 661--664

 []


Overfull \hbox (1.90002pt too wide) in paragraph at lines 665--668
[][] []
 []


Underfull \hbox (badness 10000) in paragraph at lines 665--668

 []


Overfull \hbox (1.90002pt too wide) in paragraph at lines 669--672
[][] []
 []


Underfull \hbox (badness 10000) in paragraph at lines 669--672

 []


Overfull \hbox (1.90002pt too wide) in paragraph at lines 673--676
[][] []
 []


Underfull \hbox (badness 10000) in paragraph at lines 673--676

 []

LaTeX Font Info:    Trying to load font information for TS1+ptm on input line 6
79.

(c:/Users/aimundo/AppData/Roaming/TinyTeX/texmf-dist/tex/latex/psnfss/ts1ptm.fd
File: ts1ptm.fd 2001/06/04 font definitions for TS1/ptm.
)
Overfull \hbox (1.90002pt too wide) in paragraph at lines 677--680
[][] []
 []


Underfull \hbox (badness 10000) in paragraph at lines 677--680

 []


Overfull \hbox (1.90002pt too wide) in paragraph at lines 681--684
[][] []
 []


Underfull \hbox (badness 10000) in paragraph at lines 681--684

 []


Overfull \hbox (1.90002pt too wide) in paragraph at lines 685--688
[][] []
 []


Underfull \hbox (badness 10000) in paragraph at lines 685--688

 []

[26]
Underfull \hbox (badness 1558) in paragraph at lines 691--691
[]\T1/ptm/m/n/10 (+20) Huynh H, Feldt LS. Es-ti-ma-tion of the box cor-rec-tion
 for de-grees of free-dom from sam-ple data
 []


Underfull \hbox (badness 1675) in paragraph at lines 691--691
\T1/ptm/m/n/10 (+20) in ran-dom-ized block and split-plot de-signs. \T1/ptm/m/i
t/10 (+20) Jour-nal of Ed-u-ca-tional Statis-tics\T1/ptm/m/n/10 (+20) . 1976;1(
1):69-82.
 []


Overfull \hbox (1.90002pt too wide) in paragraph at lines 689--692
[][] []
 []


Underfull \hbox (badness 10000) in paragraph at lines 689--692

 []


Overfull \hbox (1.90002pt too wide) in paragraph at lines 693--696
[][] []
 []


Underfull \hbox (badness 10000) in paragraph at lines 693--696

 []


Overfull \hbox (1.90002pt too wide) in paragraph at lines 697--700
[][] []
 []


Underfull \hbox (badness 10000) in paragraph at lines 697--700

 []


Overfull \hbox (1.90002pt too wide) in paragraph at lines 701--704
[][] []
 []


Underfull \hbox (badness 10000) in paragraph at lines 701--704

 []


Overfull \hbox (1.90002pt too wide) in paragraph at lines 705--708
[][] []
 []


Underfull \hbox (badness 10000) in paragraph at lines 705--708

 []


Overfull \hbox (1.90002pt too wide) in paragraph at lines 709--712
[][] []
 []


Underfull \hbox (badness 10000) in paragraph at lines 709--712

 []


Overfull \hbox (1.90002pt too wide) in paragraph at lines 713--716
[][] []
 []


Underfull \hbox (badness 10000) in paragraph at lines 713--716

 []


Overfull \hbox (1.90002pt too wide) in paragraph at lines 717--720
[][] []
 []


Underfull \hbox (badness 10000) in paragraph at lines 717--720

 []


Overfull \hbox (1.90002pt too wide) in paragraph at lines 721--724
[][] []
 []


Underfull \hbox (badness 10000) in paragraph at lines 721--724

 []


Overfull \hbox (1.90002pt too wide) in paragraph at lines 725--728
[][] []
 []


Underfull \hbox (badness 10000) in paragraph at lines 725--728

 []


Overfull \hbox (1.90002pt too wide) in paragraph at lines 729--732
[][] []
 []


Underfull \hbox (badness 10000) in paragraph at lines 729--732

 []


Overfull \hbox (1.90002pt too wide) in paragraph at lines 733--736
[][] []
 []


Underfull \hbox (badness 10000) in paragraph at lines 733--736

 []


Overfull \hbox (1.90002pt too wide) in paragraph at lines 737--740
[][] []
 []


Underfull \hbox (badness 10000) in paragraph at lines 737--740

 []

[27]
Overfull \hbox (1.90002pt too wide) in paragraph at lines 741--744
[][] []
 []


Underfull \hbox (badness 10000) in paragraph at lines 741--744

 []


Overfull \hbox (1.90002pt too wide) in paragraph at lines 745--748
[][] []
 []


Underfull \hbox (badness 10000) in paragraph at lines 745--748

 []


Overfull \hbox (1.90002pt too wide) in paragraph at lines 749--752
[][] []
 []


Underfull \hbox (badness 10000) in paragraph at lines 749--752

 []


Overfull \hbox (1.90002pt too wide) in paragraph at lines 753--756
[][] []
 []


Underfull \hbox (badness 10000) in paragraph at lines 753--756

 []


Overfull \hbox (1.90002pt too wide) in paragraph at lines 757--760
[][] []
 []


Underfull \hbox (badness 10000) in paragraph at lines 757--760

 []


Overfull \hbox (1.90002pt too wide) in paragraph at lines 761--764
[][] []
 []


Underfull \hbox (badness 10000) in paragraph at lines 761--764

 []


Overfull \hbox (1.90002pt too wide) in paragraph at lines 765--768
[][] []
 []


Underfull \hbox (badness 10000) in paragraph at lines 765--768

 []


Overfull \hbox (1.90002pt too wide) in paragraph at lines 769--772
[][] []
 []


Underfull \hbox (badness 10000) in paragraph at lines 769--772

 []


Overfull \hbox (1.90002pt too wide) in paragraph at lines 773--776
[][] []
 []


Underfull \hbox (badness 10000) in paragraph at lines 773--776

 []


Underfull \hbox (badness 1005) in paragraph at lines 779--779
[]\T1/ptm/m/n/10 (+20) Potthoff RF, Tu-dor GE, Pieper KS, Has-sel-blad V. Can o
ne as-sess whether miss-ing data are miss-
 []


Overfull \hbox (1.90002pt too wide) in paragraph at lines 777--780
[][] []
 []


Underfull \hbox (badness 10000) in paragraph at lines 777--780

 []


Overfull \hbox (1.90002pt too wide) in paragraph at lines 781--784
[][] []
 []


Underfull \hbox (badness 10000) in paragraph at lines 781--784

 []


Overfull \hbox (1.90002pt too wide) in paragraph at lines 785--788
[][] []
 []


Underfull \hbox (badness 10000) in paragraph at lines 785--788

 []


Underfull \hbox (badness 10000) in paragraph at lines 791--791
[]\T1/ptm/m/n/10 (+20) OHara R, Kotze J. Do not log-transform count data. Pub-l
ished on-line Jan-uary 2010.
 []


Overfull \hbox (1.90002pt too wide) in paragraph at lines 789--792
[][] []
 []


Underfull \hbox (badness 10000) in paragraph at lines 789--792

 []


Overfull \hbox (1.90002pt too wide) in paragraph at lines 793--796
[][] []
 []


Underfull \hbox (badness 10000) in paragraph at lines 793--796

 []


Overfull \hbox (1.90002pt too wide) in paragraph at lines 797--800
[][] []
 []


Underfull \hbox (badness 10000) in paragraph at lines 797--800

 []

[28]
Overfull \hbox (1.90002pt too wide) in paragraph at lines 801--804
[][] []
 []


Underfull \hbox (badness 10000) in paragraph at lines 801--804

 []


Overfull \hbox (1.90002pt too wide) in paragraph at lines 805--808
[][] []
 []


Underfull \hbox (badness 10000) in paragraph at lines 805--808

 []


Overfull \hbox (1.90002pt too wide) in paragraph at lines 809--812
[][] []
 []


Underfull \hbox (badness 10000) in paragraph at lines 809--812

 []


Overfull \hbox (1.90002pt too wide) in paragraph at lines 813--816
[][] []
 []


Underfull \hbox (badness 10000) in paragraph at lines 813--816

 []


Overfull \hbox (1.90002pt too wide) in paragraph at lines 817--820
[][] []
 []


Underfull \hbox (badness 10000) in paragraph at lines 817--820

 []


Overfull \hbox (1.90002pt too wide) in paragraph at lines 821--824
[][] []
 []


Underfull \hbox (badness 10000) in paragraph at lines 821--824

 []


Overfull \hbox (1.90002pt too wide) in paragraph at lines 825--828
[][] []
 []


Underfull \hbox (badness 10000) in paragraph at lines 825--828

 []


Overfull \hbox (1.90002pt too wide) in paragraph at lines 829--832
[][] []
 []


Underfull \hbox (badness 10000) in paragraph at lines 829--832

 []


Overfull \hbox (1.90002pt too wide) in paragraph at lines 833--836
[][] []
 []


Underfull \hbox (badness 10000) in paragraph at lines 833--836

 []


Overfull \hbox (1.90002pt too wide) in paragraph at lines 837--840
[][] []
 []


Underfull \hbox (badness 10000) in paragraph at lines 837--840

 []


Overfull \hbox (1.90002pt too wide) in paragraph at lines 841--844
[][] []
 []


Underfull \hbox (badness 10000) in paragraph at lines 841--844

 []


Underfull \hbox (badness 1286) in paragraph at lines 847--847
[]\T1/ptm/m/n/10 (+20) Harezlak J, Rup-pert D, Wand MP. \T1/ptm/m/it/10 (+20) S
emi-para-met-ric Re-gres-sion with R\T1/ptm/m/n/10 (+20) . Springer New York; 2
018.
 []


Overfull \hbox (1.90002pt too wide) in paragraph at lines 845--848
[][] []
 []


Underfull \hbox (badness 10000) in paragraph at lines 845--848

 []


Overfull \hbox (1.90002pt too wide) in paragraph at lines 849--852
[][] []
 []


Underfull \hbox (badness 10000) in paragraph at lines 849--852

 []


Overfull \hbox (1.90002pt too wide) in paragraph at lines 853--856
[][] []
 []


Underfull \hbox (badness 10000) in paragraph at lines 853--856

 []


Overfull \hbox (1.90002pt too wide) in paragraph at lines 857--860
[][] []
 []


Underfull \hbox (badness 10000) in paragraph at lines 857--860

 []

[29]
Overfull \hbox (1.90002pt too wide) in paragraph at lines 861--864
[][] []
 []


Underfull \hbox (badness 10000) in paragraph at lines 861--864

 []

[30] (./Main_manuscript.aux) ) 
Here is how much of TeX's memory you used:
 19043 strings out of 480313
 301624 string characters out of 5895611
 819439 words of memory out of 5000000
 35989 multiletter control sequences out of 15000+600000
 503007 words of font info for 395 fonts, out of 8000000 for 9000
 14 hyphenation exceptions out of 8191
 74i,9n,85p,1757b,2002s stack positions out of 5000i,500n,10000p,200000b,80000s
pdfTeX warning (dest): name{Hfootnote.1} has been
 referenced but does not exist, replaced by a fixed one

{c:/Users/aimundo/AppData/Roaming/TinyTeX/texmf-dist/fonts/enc/dvips/lm/lm-ec.e
nc}{c:/Users/aimundo/AppData/Roaming/TinyTeX/texmf-dist/fonts/enc/dvips/base/8r
.enc}<c:/Users/aimundo/AppData/Roaming/TinyTeX/texmf-dist/fonts/type1/public/am
sfonts/cm/cmex10.pfb><c:/Users/aimundo/AppData/Roaming/TinyTeX/texmf-dist/fonts
/type1/public/amsfonts/cm/cmmi10.pfb><c:/Users/aimundo/AppData/Roaming/TinyTeX/
texmf-dist/fonts/type1/public/amsfonts/cm/cmr10.pfb><c:/Users/aimundo/AppData/R
oaming/TinyTeX/texmf-dist/fonts/type1/public/amsfonts/cm/cmsy10.pfb><c:/Users/a
imundo/AppData/Roaming/TinyTeX/texmf-dist/fonts/type1/public/lm/lmss10.pfb><c:/
Users/aimundo/AppData/Roaming/TinyTeX/texmf-dist/fonts/type1/public/lm/lmss8.pf
b><c:/Users/aimundo/AppData/Roaming/TinyTeX/texmf-dist/fonts/type1/public/lm/lm
tt10.pfb><c:/Users/aimundo/AppData/Roaming/TinyTeX/texmf-dist/fonts/type1/publi
c/rsfs/rsfs10.pfb><c:/Users/aimundo/AppData/Roaming/TinyTeX/texmf-dist/fonts/ty
pe1/urw/symbol/usyr.pfb><c:/Users/aimundo/AppData/Roaming/TinyTeX/texmf-dist/fo
nts/type1/urw/symbol/usyr.pfb><c:/Users/aimundo/AppData/Roaming/TinyTeX/texmf-d
ist/fonts/type1/urw/times/utmb8a.pfb><c:/Users/aimundo/AppData/Roaming/TinyTeX/
texmf-dist/fonts/type1/urw/times/utmr8a.pfb><c:/Users/aimundo/AppData/Roaming/T
inyTeX/texmf-dist/fonts/type1/urw/times/utmri8a.pfb>
Output written on Main_manuscript.pdf (30 pages, 376961 bytes).
PDF statistics:
 787 PDF objects out of 1000 (max. 8388607)
 709 compressed objects within 8 object streams
 172 named destinations out of 1000 (max. 500000)
 86250 words of extra memory for PDF output out of 89155 (max. 10000000)

